Build started 11/25/2015 2:09:48 PM.
     1>Project "C:\Users\User\Documents\Rodseth\Gait Tracking\Assets\OptitrackUnityPlugin\Source\Unity3D\UnitySample.vcxproj" on node 2 (Build target(s)).
     1>Link:
         C:\Program Files (x86)\Microsoft Visual Studio 14.0\VC\bin\link.exe /ERRORREPORT:PROMPT /OUT:"C:\Users\User\Documents\Rodseth\Gait Tracking\Assets\OptitrackUnityPlugin\Source\Unity3D\\bin\UnityPlugin.exe" /INCREMENTAL /NOLOGO /LIBPATH:..\..\lib NatNetLibStatic.lib ws2_32.lib kernel32.lib user32.lib gdi32.lib winspool.lib comdlg32.lib advapi32.lib shell32.lib ole32.lib oleaut32.lib uuid.lib odbc32.lib odbccp32.lib /MANIFEST /MANIFESTUAC:"level='asInvoker' uiAccess='false'" /manifest:embed /Debug /PDB:"C:\Users\User\Documents\Rodseth\Gait Tracking\Assets\OptitrackUnityPlugin\Source\Unity3D\\bin\UnityPlugin.pdb" /ASSEMBLYDEBUG /TLBID:1 /DYNAMICBASE /NXCOMPAT /IMPLIB:"C:\Users\User\Documents\Rodseth\Gait Tracking\Assets\OptitrackUnityPlugin\Source\Unity3D\\bin\UnityPlugin.lib" /MACHINE:X86 /SAFESEH 
          Debug\UnityPlugin.obj
         Debug\tinystr.obj
         Debug\tinyxml.obj
         Debug\tinyxmlerror.obj
         Debug\tinyxmlparser.obj
     1>LINK : warning LNK4098: defaultlib 'MSVCRT' conflicts with use of other libs; use /NODEFAULTLIB:library
     1>NatNetLibStatic.lib(NatNetRepeater.obj) : warning LNK4217: locally defined symbol _printf imported in function "public: __thiscall cSlipStream::~cSlipStream(void)" (??1cSlipStream@@QAE@XZ)
     1>NatNetLibStatic.lib(NatNetHelper.obj) : warning LNK4217: locally defined symbol _sscanf imported in function "public: static int __cdecl NatNetHelper::IPAddress_StringToLong(char *,unsigned long *)" (?IPAddress_StringToLong@NatNetHelper@@SAHPADPAK@Z)
     1>NatNetLibStatic.lib(ClientCore.obj) : error LNK2019: unresolved external symbol __imp__sprintf referenced in function "protected: void __thiscall ClientCore::SetHostPresent(void)" (?SetHostPresent@ClientCore@@IAEXXZ)
     1>NatNetLibStatic.lib(UnicastClientCore.obj) : error LNK2001: unresolved external symbol __imp__sprintf
     1>NatNetLibStatic.lib(NatNetHelper.obj) : error LNK2001: unresolved external symbol __imp__sprintf
     1>NatNetLibStatic.lib(NatNetHelper.obj) : error LNK2019: unresolved external symbol __imp__sprintf_s referenced in function "public: static bool __cdecl NatNetHelper::TimecodeStringify(unsigned int,unsigned int,char *,int)" (?TimecodeStringify@NatNetHelper@@SA_NIIPADH@Z)
     1>C:\Users\User\Documents\Rodseth\Gait Tracking\Assets\OptitrackUnityPlugin\Source\Unity3D\\bin\UnityPlugin.exe : fatal error LNK1120: 2 unresolved externals
     1>Done Building Project "C:\Users\User\Documents\Rodseth\Gait Tracking\Assets\OptitrackUnityPlugin\Source\Unity3D\UnitySample.vcxproj" (Build target(s)) -- FAILED.

Build FAILED.

Time Elapsed 00:00:00.18
